[LOG] System::create                           : Header version = 2.00.10. Current version = 2.00.10.
[LOG] Manager::init                            : maxchannels = 256 studioflags = 00000006 flags 00000000 extradriverdata 0000000000000000.
[LOG] SystemI::init                            : Initialize version=20010 (110198), maxchannels=256, flags=0x00020000
[LOG] SystemI::setOutputInternal               : Setting output to 'FMOD WASAPI Output'
[LOG] OutputWASAPI::init                       : Mix Format (WAVEFORMATEX): wFormatTag=0xFFFE, nChannels=2, nSamplesPerSec=48000, nAvgBytesPerSec=384000, nBlockAlign=8, wBitsPerSample=32, cbSize=22.
[LOG] OutputWASAPI::init                       : Mix Format (WAVEFORMATEXTENSIBLE): wValidBitsPerSample=32, dwChannelMask=0x00000003, SubFormat=00000003-0000-0010-8000-00AA00389B71.
[LOG] OutputWASAPI::init                       : Output buffer size: 4096 samples, latency: 0.00ms, period: 10.00ms, DSP buffer: 1024 * 4
[LOG] Thread::initThread                       : Init FMOD stream thread. Priority: 2, Stack Size: 98304, Semaphore: No, Sleep Time: 10, Looping: Yes.
[LOG] Thread::initThread                       : Init FMOD mixer thread. Priority: 3, Stack Size: 81920, Semaphore: No, Sleep Time: 0, Looping: Yes.
[LOG] AsyncManager::init                       : manager 000001FE3E0AF418 isAsync 0 updatePeriod 0.02
[LOG] AsyncManager::init                       : done
[LOG] PlaybackSystem::init                     : 
[LOG] Thread::initThread                       : Init FMOD Studio sample load thread. Priority: 0, Stack Size: 98304, Semaphore: No, Sleep Time: 1, Looping: No.
[LOG] PlaybackSystem::init                     : done
[LOG] Thread::initThread                       : Init FMOD Studio bank load thread. Priority: 0, Stack Size: 98304, Semaphore: No, Sleep Time: 1, Looping: No.
[LOG] Manager::init                            : done.
[LOG] Manager::readBank                        : fileversion = 125, compatVersion = 119 (oldest = 44, newest = 125)
[LOG] PlaybackSystem::acquireMasterBus         : Setting master channel group format to 6
[LOG] SystemI::createSoundInternal             : Create name='', mode=0x02000202
[LOG] SystemI::createSoundInternal             : exinfo->cbsize             = 224
[LOG] SystemI::createSoundInternal             : exinfo->length             = 5234240
[LOG] SystemI::createSoundInternal             : exinfo->fileoffset         = 52064
[LOG] SystemI::createSoundInternal             : exinfo->numsubsounds       = 1
[LOG] SystemI::createSoundInternal             : exinfo->inclusionlist      = 0000000AEE6FEEAC
[LOG] SystemI::createSoundInternal             : exinfo->inclusionlistnum   = 1
[LOG] SystemI::createSoundInternal             : exinfo->suggestedsoundtype = 5
[LOG] SystemI::createSoundInternal             : exinfo->useropen           = 00007FFF97C9C2D0
[LOG] SystemI::createSoundInternal             : exinfo->userclose          = 00007FFF97C9C2A0
[LOG] SystemI::createSoundInternal             : exinfo->userread           = 00007FFF97C9C3A0
[LOG] SystemI::createSoundInternal             : exinfo->userseek           = 00007FFF97C9C460
[LOG] SystemI::createSoundInternal             : exinfo->fileuserdata       = 000001FE3B300888
[LOG] SystemI::createSoundInternal             : exinfo->initialseekpostype = 1
[LOG] SystemI::DSPCodecPoolRegister            : register codec pool for pool type 5
[LOG] SystemI::createSoundInternal             : Sample 0/1: name='fichas!!', format=2, channels=2, frequency=48000, lengthbytes=26560, lengthpcm=111360, pcmblocksize=0, loopstart=0, loopend=0, mode=0x00000000, channelmask=0x00000000, channelorder=0, peakvolume=0.927368.
[LOG] SoundI::release                          :  (000001FE3DB84228)
[LOG] SoundI::release                          :     fichas!! (000001FE39AC55F8)
[LOG] Manager::readBank                        : fileversion = 125, compatVersion = 119 (oldest = 44, newest = 125)
[LOG] PlaybackSystem::acquireMasterBus         : Setting master channel group format to 6
[LOG] SystemI::createSoundInternal             : Create name='', mode=0x02000202
[LOG] SystemI::createSoundInternal             : exinfo->cbsize             = 224
[LOG] SystemI::createSoundInternal             : exinfo->length             = 5234240
[LOG] SystemI::createSoundInternal             : exinfo->fileoffset         = 52064
[LOG] SystemI::createSoundInternal             : exinfo->numsubsounds       = 1
[LOG] SystemI::createSoundInternal             : exinfo->inclusionlist      = 0000000AEE6FEEAC
[LOG] SystemI::createSoundInternal             : exinfo->inclusionlistnum   = 1
[LOG] SystemI::createSoundInternal             : exinfo->suggestedsoundtype = 5
[LOG] SystemI::createSoundInternal             : exinfo->useropen           = 00007FFF97C9C2D0
[LOG] SystemI::createSoundInternal             : exinfo->userclose          = 00007FFF97C9C2A0
[LOG] SystemI::createSoundInternal             : exinfo->userread           = 00007FFF97C9C3A0
[LOG] SystemI::createSoundInternal             : exinfo->userseek           = 00007FFF97C9C460
[LOG] SystemI::createSoundInternal             : exinfo->fileuserdata       = 000001FE3B2F9F58
[LOG] SystemI::createSoundInternal             : exinfo->initialseekpostype = 1
[LOG] SystemI::DSPCodecPoolRegister            : register codec pool for pool type 5
[LOG] SystemI::createSoundInternal             : Sample 0/1: name='fichas!!', format=2, channels=2, frequency=48000, lengthbytes=26560, lengthpcm=111360, pcmblocksize=0, loopstart=0, loopend=0, mode=0x00000000, channelmask=0x00000000, channelorder=0, peakvolume=0.927368.
[LOG] SoundI::release                          :  (000001FE3DB85928)
[LOG] SoundI::release                          :     fichas!! (000001FE39AC5118)
[LOG] Manager::readBank                        : fileversion = 125, compatVersion = 119 (oldest = 44, newest = 125)
[LOG] PlaybackSystem::acquireMasterBus         : Setting master channel group format to 6
[LOG] SystemI::createSoundInternal             : Create name='', mode=0x02000202
[LOG] SystemI::createSoundInternal             : exinfo->cbsize             = 224
[LOG] SystemI::createSoundInternal             : exinfo->length             = 5234240
[LOG] SystemI::createSoundInternal             : exinfo->fileoffset         = 52064
[LOG] SystemI::createSoundInternal             : exinfo->numsubsounds       = 1
[LOG] SystemI::createSoundInternal             : exinfo->inclusionlist      = 0000000AEE6FEEAC
[LOG] SystemI::createSoundInternal             : exinfo->inclusionlistnum   = 1
[LOG] SystemI::createSoundInternal             : exinfo->suggestedsoundtype = 5
[LOG] SystemI::createSoundInternal             : exinfo->useropen           = 00007FFF97C9C2D0
[LOG] SystemI::createSoundInternal             : exinfo->userclose          = 00007FFF97C9C2A0
[LOG] SystemI::createSoundInternal             : exinfo->userread           = 00007FFF97C9C3A0
[LOG] SystemI::createSoundInternal             : exinfo->userseek           = 00007FFF97C9C460
[LOG] SystemI::createSoundInternal             : exinfo->fileuserdata       = 000001FE3B300888
[LOG] SystemI::createSoundInternal             : exinfo->initialseekpostype = 1
[LOG] SystemI::DSPCodecPoolRegister            : register codec pool for pool type 5
[LOG] SystemI::createSoundInternal             : Sample 0/1: name='puerta', format=2, channels=2, frequency=48000, lengthbytes=22464, lengthpcm=76050, pcmblocksize=0, loopstart=0, loopend=0, mode=0x00000000, channelmask=0x00000000, channelorder=0, peakvolume=0.794328.
[LOG] SoundI::release                          :  (000001FE3DB84228)
[LOG] SoundI::release                          :     puerta (000001FE39DF4458)
[LOG] Manager::readBank                        : fileversion = 125, compatVersion = 119 (oldest = 44, newest = 125)
[LOG] PlaybackSystem::acquireMasterBus         : Setting master channel group format to 6
[LOG] SystemI::createSoundInternal             : Create name='', mode=0x02000202
[LOG] SystemI::createSoundInternal             : exinfo->cbsize             = 224
[LOG] SystemI::createSoundInternal             : exinfo->length             = 5234240
[LOG] SystemI::createSoundInternal             : exinfo->fileoffset         = 52064
[LOG] SystemI::createSoundInternal             : exinfo->numsubsounds       = 1
[LOG] SystemI::createSoundInternal             : exinfo->inclusionlist      = 0000000AEE6FEEAC
[LOG] SystemI::createSoundInternal             : exinfo->inclusionlistnum   = 1
[LOG] SystemI::createSoundInternal             : exinfo->suggestedsoundtype = 5
[LOG] SystemI::createSoundInternal             : exinfo->useropen           = 00007FFF97C9C2D0
[LOG] SystemI::createSoundInternal             : exinfo->userclose          = 00007FFF97C9C2A0
[LOG] SystemI::createSoundInternal             : exinfo->userread           = 00007FFF97C9C3A0
[LOG] SystemI::createSoundInternal             : exinfo->userseek           = 00007FFF97C9C460
[LOG] SystemI::createSoundInternal             : exinfo->fileuserdata       = 000001FE3B2FFC28
[LOG] SystemI::createSoundInternal             : exinfo->initialseekpostype = 1
[LOG] SystemI::DSPCodecPoolRegister            : register codec pool for pool type 5
[LOG] SystemI::createSoundInternal             : Sample 0/1: name='puerta bloqueada', format=2, channels=2, frequency=48000, lengthbytes=11008, lengthpcm=51922, pcmblocksize=0, loopstart=0, loopend=51229, mode=0x00000000, channelmask=0x00000000, channelorder=0, peakvolume=0.975172.
[LOG] SoundI::release                          :  (000001FE3DB85928)
[LOG] SoundI::release                          :     puerta bloqueada (000001FE39DF57D8)
[LOG] Manager::readBank                        : fileversion = 125, compatVersion = 119 (oldest = 44, newest = 125)
[LOG] PlaybackSystem::acquireMasterBus         : Setting master channel group format to 6
[LOG] SystemI::createSoundInternal             : Create name='', mode=0x02000202
[LOG] SystemI::createSoundInternal             : exinfo->cbsize             = 224
[LOG] SystemI::createSoundInternal             : exinfo->length             = 5234240
[LOG] SystemI::createSoundInternal             : exinfo->fileoffset         = 52064
[LOG] SystemI::createSoundInternal             : exinfo->numsubsounds       = 1
[LOG] SystemI::createSoundInternal             : exinfo->inclusionlist      = 0000000AEE6FEEAC
[LOG] SystemI::createSoundInternal             : exinfo->inclusionlistnum   = 1
[LOG] SystemI::createSoundInternal             : exinfo->suggestedsoundtype = 5
[LOG] SystemI::createSoundInternal             : exinfo->useropen           = 00007FFF97C9C2D0
[LOG] SystemI::createSoundInternal             : exinfo->userclose          = 00007FFF97C9C2A0
[LOG] SystemI::createSoundInternal             : exinfo->userread           = 00007FFF97C9C3A0
[LOG] SystemI::createSoundInternal             : exinfo->userseek           = 00007FFF97C9C460
[LOG] SystemI::createSoundInternal             : exinfo->fileuserdata       = 000001FE3AA2A058
[LOG] SystemI::createSoundInternal             : exinfo->initialseekpostype = 1
[LOG] SystemI::DSPCodecPoolRegister            : register codec pool for pool type 5
[LOG] SystemI::createSoundInternal             : Sample 0/1: name='puerta bloqueada', format=2, channels=2, frequency=48000, lengthbytes=11008, lengthpcm=51922, pcmblocksize=0, loopstart=0, loopend=51229, mode=0x00000000, channelmask=0x00000000, channelorder=0, peakvolume=0.975172.
[LOG] SoundI::release                          :  (000001FE3DF9BCF8)
[LOG] SoundI::release                          :     puerta bloqueada (000001FE39DF4E18)
[LOG] Thread::callback                         : FMOD Studio bank load thread finished.
[LOG] Thread::callback                         : FMOD Studio sample load thread finished.
[LOG] LiveUpdate::release                      : 
[LOG] LiveUpdate::reset                        : Reset connection (reason Disconnected)
[LOG] Thread::callback                         : FMOD stream thread finished.
[LOG] Thread::callback                         : FMOD mixer thread finished.
[LOG] SystemI::close                           : Closed.
